<?xml version="1.0" encoding="UTF-8"?>
<testsuite xmlns:xsi="http://www.w3.org/2001/XMLSchema-instance" xsi:noNamespaceSchemaLocation="https://maven.apache.org/surefire/maven-surefire-plugin/xsd/surefire-test-report.xsd" name="br.unicamp.ic.inf335.app.myProject.ProdutoBeanTest" time="0.021" tests="9" errors="0" skipped="0" failures="0">
  <properties>
[...]
</properties>
  <testcase name="CompareToMethodValorEqualTest" classname="br.unicamp.ic.inf335.app.myProject.ProdutoBeanTest" time="0"/>
  <testcase name="NomeSetterTest" classname="br.unicamp.ic.inf335.app.myProject.ProdutoBeanTest" time="0"/>
  <testcase name="CompareToMethodValorMinorTest" classname="br.unicamp.ic.inf335.app.myProject.ProdutoBeanTest" time="0"/>
  <testcase name="SerialVersionGetTest" classname="br.unicamp.ic.inf335.app.myProject.ProdutoBeanTest" time="0"/>
  <testcase name="AllSetterTest" classname="br.unicamp.ic.inf335.app.myProject.ProdutoBeanTest" time="0"/>
  <testcase name="CodigoSetterTest" classname="br.unicamp.ic.inf335.app.myProject.ProdutoBeanTest" time="0.003"/>
  <testcase name="CompareToMethodTest" classname="br.unicamp.ic.inf335.app.myProject.ProdutoBeanTest" time="0"/>
  <testcase name="ProductInstanceTest" classname="br.unicamp.ic.inf335.app.myProject.ProdutoBeanTest" time="0.004"/>
  <testcase name="ProductInstanceNoAttributesTest" classname="br.unicamp.ic.inf335.app.myProject.ProdutoBeanTest" time="0.002"/>
</testsuite>